#596	srem_fits_in_32
	iconst({bits: int}, bv 64) -> bv 8
	srem({bits: int}, bv 8, bv 8) -> bv 8
		type solution status = solved
		applicability = applicable
		verification = failure
model:
state: isa_store = {active: false, size_bits: 1, addr: #x0000000000000000, value: #x0000000000000000}
state: clif_trap = false
state: clif_load = {active: false, size_bits: 0, addr: #x0000000000000000}
state: isa_load = {active: false, size_bits: 0, addr: #x0000000000000000}
state: fpcr = #x0000000000000000
state: clif_store = {active: false, size_bits: 1, addr: #x0000000000000000, value: #x0000000000000000}
state: exec_trap = false
state: loaded_value = #x0000000000000000
has_type({bits: 8}, #xfd) -> #xfd
fits_in_32({bits: 8}) -> {bits: 8}
srem({bits: 0}, #x91, #xf7) -> #xfd
temp_writable_reg({bits: 64}) -> #x00000000ffffff91
writable_reg_to_reg(#x00000000ffffff91) -> #x00000000ffffff91
value_reg(#x00000000ffffff91) -> {lo: #x00000000ffffff91, hi: #xffffffffffffffff}
output({lo: #x00000000ffffff91, hi: #xffffffffffffffff}) -> #x91
def_inst(#xf7) -> #xf7
iconst({bits: 0}, #x00000000000000f7) -> #xf7
nonzero_u64_from_imm64(#x00000000000000f7) -> #x00000000000000f7
value_type({bits: 8}) -> #x91
fits_in_32({bits: 8}) -> {bits: 8}
put_in_reg(#x91) -> #x0000000000000091
ty_bits({bits: 8}) -> #x08
temp_writable_reg({bits: 64}) -> #x00000000ffffff91
MInst.Extend(#x00000000ffffff91, #x0000000000000091, true, #x08, #x20) -> {flags_in: {N: #b0, Z: #b0, C: #b0, V: #b0}, flags_out: {N: #b0, Z: #b0, C: #b0, V: #b0}}
emit({flags_in: {N: #b0, Z: #b0, C: #b0, V: #b0}, flags_out: {N: #b0, Z: #b0, C: #b0, V: #b0}}) -> #b1
writable_reg_to_reg(#x00000000ffffff91) -> #x00000000ffffff91
fits_in_32({bits: 8}) -> {bits: 8}
integral_ty({bits: 8}) -> {bits: 8}
operand_size({bits: 32}) -> Size32 {}
load_constant_full({bits: 8}, Sign {}, Size32 {}, #x00000000000000f7) -> #x00000000000000f7
temp_writable_reg({bits: 64}) -> #x0000000000000000
operand_size({bits: 8}) -> Size32 {}
MInst.AluRRR(SDiv {}, Size32 {}, #x0000000000000000, #x00000000ffffff91, #x00000000000000f7) -> {flags_in: {N: #b0, Z: #b0, C: #b0, V: #b0}, flags_out: {N: #b0, Z: #b0, C: #b0, V: #b0}}
emit({flags_in: {N: #b0, Z: #b0, C: #b0, V: #b0}, flags_out: {N: #b0, Z: #b0, C: #b0, V: #b0}}) -> #b1
writable_reg_to_reg(#x0000000000000000) -> #x0000000000000000
operand_size({bits: 8}) -> Size32 {}
MInst.AluRRRR(MSub {}, Size32 {}, #x00000000ffffff91, #x0000000000000000, #x00000000000000f7, #x00000000ffffff91) -> {flags_in: {N: #b0, Z: #b0, C: #b0, V: #b0}, flags_out: {N: #b0, Z: #b0, C: #b0, V: #b0}}
emit({flags_in: {N: #b0, Z: #b0, C: #b0, V: #b0}, flags_out: {N: #b0, Z: #b0, C: #b0, V: #b0}}) -> #b1
lower(#xfd) -> #x91
Error: verify expansion: 596