#410	udiv_fits_in_32
	iconst({bits: int}, bv 64) -> bv 8
	udiv({bits: int}, bv 8, bv 8) -> bv 8
		type solution status = solved
		applicability = applicable
		verification = failure
model:
state: fpcr = #x0000000000000000
state: loaded_value = #x0000000000000000
state: isa_store = {active: false, size_bits: 1, addr: #x0000000000000000, value: #x0000000000000000}
state: clif_trap = false
state: clif_store = {active: false, size_bits: 1, addr: #x0000000000000000, value: #x0000000000000000}
state: isa_load = {active: false, size_bits: 0, addr: #x0000000000000000}
state: exec_trap = false
state: clif_load = {active: false, size_bits: 0, addr: #x0000000000000000}
has_type({bits: 8}, #x01) -> #x01
fits_in_32({bits: 8}) -> {bits: 8}
udiv({bits: 0}, #xff, #xff) -> #x01
temp_writable_reg({bits: 64}) -> #xffffffffffffffff
writable_reg_to_reg(#xffffffffffffffff) -> #xffffffffffffffff
value_reg(#xffffffffffffffff) -> {lo: #xffffffffffffffff, hi: #xffffffffffffffff}
output({lo: #xffffffffffffffff, hi: #xffffffffffffffff}) -> #xff
def_inst(#xff) -> #xff
iconst({bits: 0}, #x00000000000000ff) -> #xff
nonzero_u64_from_imm64(#x00000000000000ff) -> #x00000000000000ff
value_type({bits: 8}) -> #xff
fits_in_32({bits: 8}) -> {bits: 8}
put_in_reg(#xff) -> #x00000000000000ff
ty_bits({bits: 8}) -> #x08
temp_writable_reg({bits: 64}) -> #x00000000000000ff
MInst.Extend(#x00000000000000ff, #x00000000000000ff, false, #x08, #x20) -> {flags_in: {N: #b0, Z: #b0, C: #b0, V: #b0}, flags_out: {N: #b0, Z: #b0, C: #b0, V: #b0}}
emit({flags_in: {N: #b0, Z: #b0, C: #b0, V: #b0}, flags_out: {N: #b0, Z: #b0, C: #b0, V: #b0}}) -> #b1
writable_reg_to_reg(#x00000000000000ff) -> #x00000000000000ff
integral_ty({bits: 8}) -> {bits: 8}
move_wide_const_from_u64({bits: 8}, #x00000000000000ff) -> {shift: #b00, bits: #x00ff}
operand_size({bits: 8}) -> Size32 {}
operand_size({bits: 32}) -> Size32 {}
temp_writable_reg({bits: 64}) -> #x00000000000000ff
writable_reg_to_reg(#x00000000000000ff) -> #x00000000000000ff
MInst.AluRRR(UDiv {}, Size32 {}, #xffffffffffffffff, #x00000000000000ff, #x00000000000000ff) -> {flags_in: {N: #b0, Z: #b0, C: #b0, V: #b0}, flags_out: {N: #b0, Z: #b0, C: #b0, V: #b0}}
emit({flags_in: {N: #b0, Z: #b0, C: #b0, V: #b0}, flags_out: {N: #b0, Z: #b0, C: #b0, V: #b0}}) -> #b1
MInst.MovWide(MovZ {}, #x00000000000000ff, {shift: #b00, bits: #x00ff}, Size32 {}) -> {flags_in: {N: #b0, Z: #b0, C: #b0, V: #b0}, flags_out: {N: #b0, Z: #b0, C: #b0, V: #b0}}
emit({flags_in: {N: #b0, Z: #b0, C: #b0, V: #b0}, flags_out: {N: #b0, Z: #b0, C: #b0, V: #b0}}) -> #b1
lower(#x01) -> #xff
Error: verify expansion: 410

Caused by:
    verification failed