#562	urem_fits_in_32
	iconst({bits: int}, bv 64) -> bv 8
		type solution status = inapplicable
	iconst({bits: int}, bv 64) -> bv 16
		type solution status = inapplicable
	iconst({bits: int}, bv 64) -> bv 32
	urem({bits: int}, bv 8, bv 8) -> bv 8
		type solution status = inapplicable
	iconst({bits: int}, bv 64) -> bv 32
	urem({bits: int}, bv 16, bv 16) -> bv 16
		type solution status = inapplicable
	iconst({bits: int}, bv 64) -> bv 32
	urem({bits: int}, bv 32, bv 32) -> bv 32
		type solution status = solved
		applicability = applicable
		verification = failure
model:
state: isa_load = {active: false, size_bits: 0, addr: #x0000000000000000}
state: clif_store = {active: false, size_bits: 1, addr: #x0000000000000000, value: #x0000000000000000}
state: loaded_value = #x0000000000000000
state: clif_trap = false
state: exec_trap = false
state: isa_store = {active: false, size_bits: 1, addr: #x0000000000000000, value: #x0000000000000000}
state: fpcr = #x0000000000000000
state: clif_load = {active: false, size_bits: 0, addr: #x0000000000000000}
has_type({bits: 32}, #x0000ffff) -> #x0000ffff
fits_in_32({bits: 32}) -> {bits: 32}
urem({bits: 0}, #x0477ffff, #x00010000) -> #x0000ffff
temp_writable_reg({bits: 64}) -> #x000000008476ffff
writable_reg_to_reg(#x000000008476ffff) -> #x000000008476ffff
value_reg(#x000000008476ffff) -> {lo: #x000000008476ffff, hi: #xffffffffffffffff}
output({lo: #x000000008476ffff, hi: #xffffffffffffffff}) -> #x8476ffff
def_inst(#x00010000) -> #x00010000
iconst({bits: 0}, #x0000000000010000) -> #x00010000
nonzero_u64_from_imm64(#x0000000000010000) -> #x0000000000010000
value_type({bits: 32}) -> #x0477ffff
put_in_reg(#x0477ffff) -> #x000000000477ffff
integral_ty({bits: 32}) -> {bits: 32}
move_wide_const_from_u64({bits: 32}, #x0000000000010000) -> {shift: #b01, bits: #x0001}
operand_size({bits: 32}) -> Size32 {}
temp_writable_reg({bits: 64}) -> #x00000000ffff8001
operand_size({bits: 32}) -> Size32 {}
temp_writable_reg({bits: 64}) -> #x0000000000010000
writable_reg_to_reg(#x0000000000010000) -> #x0000000000010000
MInst.AluRRR(UDiv {}, Size32 {}, #x00000000ffff8001, #x000000000477ffff, #x0000000000010000) -> {flags_in: {N: #b0, Z: #b0, C: #b0, V: #b0}, flags_out: {N: #b0, Z: #b0, C: #b0, V: #b0}}
emit({flags_in: {N: #b0, Z: #b0, C: #b0, V: #b0}, flags_out: {N: #b0, Z: #b0, C: #b0, V: #b0}}) -> #b1
writable_reg_to_reg(#x00000000ffff8001) -> #x00000000ffff8001
operand_size({bits: 32}) -> Size32 {}
MInst.AluRRRR(MSub {}, Size32 {}, #x000000008476ffff, #x00000000ffff8001, #x0000000000010000, #x000000000477ffff) -> {flags_in: {N: #b0, Z: #b0, C: #b0, V: #b0}, flags_out: {N: #b0, Z: #b0, C: #b0, V: #b0}}
emit({flags_in: {N: #b0, Z: #b0, C: #b0, V: #b0}, flags_out: {N: #b0, Z: #b0, C: #b0, V: #b0}}) -> #b1
MInst.MovWide(MovZ {}, #x0000000000010000, {shift: #b01, bits: #x0001}, Size32 {}) -> {flags_in: {N: #b0, Z: #b0, C: #b0, V: #b0}, flags_out: {N: #b0, Z: #b0, C: #b0, V: #b0}}
emit({flags_in: {N: #b0, Z: #b0, C: #b0, V: #b0}, flags_out: {N: #b0, Z: #b0, C: #b0, V: #b0}}) -> #b1
lower(#x0000ffff) -> #x8476ffff